[2025-04-14T06:51:53.249Z] 🔑 GitHub Token loaded:
[2025-04-14T06:51:54.939Z] 
📦 Repositories found:
[2025-04-14T06:51:54.939Z] 1. hector-jewell/delivery-app-platform-using-react-native
[2025-04-14T06:51:54.940Z] 2. hector-jewell/delivery-app-react-native
[2025-04-14T06:51:54.941Z] 3. hector-jewell/doordash-clone-script
[2025-04-14T06:51:54.942Z] 4. hector-jewell/food-delivery-app-source-code-react-native
[2025-04-14T06:51:54.942Z] 5. hector-jewell/food-delivery-clone-using-react-native
[2025-04-14T06:51:54.942Z] 6. hector-jewell/food-delivery-system-for-restaurant-using-php
[2025-04-14T06:51:54.943Z] 7. hector-jewell/food-mobile-app-template
[2025-04-14T06:51:54.943Z] 8. hector-jewell/food-online-order-app-using-java
[2025-04-14T06:51:54.946Z] 9. hector-jewell/food-online-ordering-system-in-python
[2025-04-14T06:51:54.946Z] 10. hector-jewell/food-ordering-app-python
[2025-04-14T06:51:54.947Z] 11. hector-jewell/food-ordering-mobile-application-using-react-native
[2025-04-14T06:51:54.947Z] 12. hector-jewell/full-stack-app-to-delivery-food-using-mern-stack
[2025-04-14T06:51:54.948Z] 13. hector-jewell/full-stack-apps-for-food-delivery
[2025-04-14T06:51:54.948Z] 14. hector-jewell/full-stack-food-ordering-app-using-mern-stack
[2025-04-14T06:51:54.948Z] 15. hector-jewell/meal-delivery-apps-using-react-native
[2025-04-14T06:51:54.949Z] 16. hector-jewell/online-food-delivery-service-for-restaurants
[2025-04-14T06:51:54.949Z] 17. hector-jewell/online-food-order-system-in-php-source-code
[2025-04-14T06:51:54.949Z] 18. hector-jewell/online-food-ordering-system-in-java
[2025-04-14T06:51:54.950Z] 19. hector-jewell/online-food-ordering-system-using-python
[2025-04-14T06:51:54.950Z] 20. hector-jewell/online-menu-ordering-software
[2025-04-14T06:51:54.950Z] 21. hector-jewell/online-restaurant-food-ordering-systems-using-python
[2025-04-14T06:51:54.950Z] 22. hector-jewell/open-source-food-ordering-system-for-restaurant
[2025-04-14T06:51:54.950Z] 23. hector-jewell/python-app-for-ordering-food
[2025-04-14T06:51:54.951Z] 24. hector-jewell/react-native-based-food-delivery-app
[2025-04-14T06:51:54.951Z] 25. hector-jewell/react-native-food-delivery-app-firebase
[2025-04-14T06:51:54.951Z] 26. hector-jewell/react-native-food-delivery-app-with-backend
[2025-04-14T06:51:54.952Z] 27. hector-jewell/restaurant-delivery-order-software
[2025-04-14T06:51:54.952Z] 28. hector-jewell/restaurants-ordering-system-using-node-js
[2025-04-14T06:51:54.952Z] 29. hector-jewell/swiggy-app-clone-using-react-native
[2025-04-14T06:51:54.953Z] 30. hector-jewell/talabat-clone-app
[2025-04-14T06:51:54.953Z] 31. hector-jewell/uber-eats-clone-using-react-native
[2025-04-14T06:51:54.953Z] 32. hector-jewell/zomato-clone-react-native
[2025-04-14T06:51:54.954Z] 33. hector-jewell/zomato-clone-script
[2025-04-14T06:51:54.954Z] 34. hector-jewell/zomato-clone-using-react-js
[2025-04-14T06:51:54.954Z] 35. lambertf917/gloria-food-alternative
[2025-04-14T06:51:54.955Z] 36. lambertf917/react-native-uber-eats-clone
[2025-04-14T06:51:54.955Z] 37. Margaret-Petersen/mern-stack-food-ordering-app
[2025-04-14T06:51:54.955Z] 38. marthaegrimaldi/zomato-clone-app-source-code
[2025-04-14T06:51:54.955Z] 39. patriciaperez90/react-native-based-uber-eats-clone-app
[2025-04-14T06:51:54.956Z] 40. raymondjames090/food-delivery-app-built-using-react-js
[2025-04-14T06:51:54.956Z] 41. tiffanie-Healy/grabfood-clone-app
[2025-04-14T06:51:54.956Z] 42. tiffanie-Healy/ubereats-clone-app
[2025-04-14T06:51:55.633Z] ✅ Synced: hector-jewell/delivery-app-platform-using-react-native
[2025-04-14T06:51:56.343Z] ✅ Synced: hector-jewell/delivery-app-react-native
[2025-04-14T06:51:56.983Z] ✅ Synced: hector-jewell/doordash-clone-script
[2025-04-14T06:51:57.647Z] ✅ Synced: hector-jewell/food-delivery-app-source-code-react-native
[2025-04-14T06:51:58.293Z] ✅ Synced: hector-jewell/food-delivery-clone-using-react-native
[2025-04-14T06:51:58.926Z] ✅ Synced: hector-jewell/food-delivery-system-for-restaurant-using-php
[2025-04-14T06:51:59.570Z] ✅ Synced: hector-jewell/food-mobile-app-template
[2025-04-14T06:52:00.185Z] ✅ Synced: hector-jewell/food-online-order-app-using-java
[2025-04-14T06:52:00.852Z] ✅ Synced: hector-jewell/food-online-ordering-system-in-python
[2025-04-14T06:52:01.515Z] ✅ Synced: hector-jewell/food-ordering-app-python
[2025-04-14T06:52:02.135Z] ✅ Synced: hector-jewell/food-ordering-mobile-application-using-react-native
[2025-04-14T06:52:02.795Z] ✅ Synced: hector-jewell/full-stack-app-to-delivery-food-using-mern-stack
[2025-04-14T06:52:03.471Z] ✅ Synced: hector-jewell/full-stack-apps-for-food-delivery
[2025-04-14T06:52:04.233Z] ✅ Synced: hector-jewell/full-stack-food-ordering-app-using-mern-stack
[2025-04-14T06:52:04.872Z] ✅ Synced: hector-jewell/meal-delivery-apps-using-react-native
[2025-04-14T06:52:05.486Z] ✅ Synced: hector-jewell/online-food-delivery-service-for-restaurants
[2025-04-14T06:52:06.166Z] ✅ Synced: hector-jewell/online-food-order-system-in-php-source-code
[2025-04-14T06:52:06.831Z] ✅ Synced: hector-jewell/online-food-ordering-system-in-java
[2025-04-14T06:52:07.524Z] ✅ Synced: hector-jewell/online-food-ordering-system-using-python
[2025-04-14T06:52:08.153Z] ✅ Synced: hector-jewell/online-menu-ordering-software
[2025-04-14T06:52:08.838Z] ✅ Synced: hector-jewell/online-restaurant-food-ordering-systems-using-python
[2025-04-14T06:52:09.496Z] ✅ Synced: hector-jewell/open-source-food-ordering-system-for-restaurant
[2025-04-14T06:52:10.200Z] ✅ Synced: hector-jewell/python-app-for-ordering-food
[2025-04-14T06:52:10.887Z] ✅ Synced: hector-jewell/react-native-based-food-delivery-app
[2025-04-14T06:52:11.624Z] ✅ Synced: hector-jewell/react-native-food-delivery-app-firebase
[2025-04-14T06:52:12.284Z] ✅ Synced: hector-jewell/react-native-food-delivery-app-with-backend
[2025-04-14T06:52:12.976Z] ✅ Synced: hector-jewell/restaurant-delivery-order-software
[2025-04-14T06:52:13.617Z] ✅ Synced: hector-jewell/restaurants-ordering-system-using-node-js
[2025-04-14T06:52:14.285Z] ✅ Synced: hector-jewell/swiggy-app-clone-using-react-native
[2025-04-14T06:52:14.970Z] ✅ Synced: hector-jewell/talabat-clone-app
[2025-04-14T06:52:15.624Z] ✅ Synced: hector-jewell/uber-eats-clone-using-react-native
[2025-04-14T06:52:16.282Z] ✅ Synced: hector-jewell/zomato-clone-react-native
[2025-04-14T06:52:16.941Z] ✅ Synced: hector-jewell/zomato-clone-script
[2025-04-14T06:52:17.635Z] ✅ Synced: hector-jewell/zomato-clone-using-react-js
[2025-04-14T06:52:18.337Z] ✅ Synced: lambertf917/gloria-food-alternative
[2025-04-14T06:52:19.028Z] ✅ Synced: lambertf917/react-native-uber-eats-clone
[2025-04-14T06:52:19.775Z] ✅ Synced: Margaret-Petersen/mern-stack-food-ordering-app
[2025-04-14T06:52:20.476Z] ✅ Synced: marthaegrimaldi/zomato-clone-app-source-code
[2025-04-14T06:52:21.166Z] ✅ Synced: patriciaperez90/react-native-based-uber-eats-clone-app
[2025-04-14T06:52:21.868Z] ✅ Synced: raymondjames090/food-delivery-app-built-using-react-js
[2025-04-14T06:52:22.565Z] ✅ Synced: tiffanie-Healy/grabfood-clone-app
[2025-04-14T06:52:23.284Z] ✅ Synced: tiffanie-Healy/ubereats-clone-app
[2025-04-14T06:52:23.285Z] 
✅ All repositories synced
